[0.526s] Invoking command in '/home/group4/LeoRoverAutonomousExploration/leo_exploration_ws/src/leo_exploration': DEBUGINFOD_URLS=https://debuginfod.ubuntu.com PYTHONPATH=/home/group4/LeoRoverAutonomousExploration/leo_exploration_ws/build/leo_exploration/prefix_override:/usr/lib/python3/dist-packages/colcon_core/task/python/colcon_distutils_commands:/home/group4/LeoRoverAutonomousExploration/leo_exploration_ws/install/leo_exploration/lib/python3.12/site-packages:${PYTHONPATH} /usr/bin/python3 -W ignore:setup.py install is deprecated -W ignore:easy_install command is deprecated setup.py egg_info --egg-base ../../build/leo_exploration build --build-base /home/group4/LeoRoverAutonomousExploration/leo_exploration_ws/build/leo_exploration/build install --record /home/group4/LeoRoverAutonomousExploration/leo_exploration_ws/build/leo_exploration/install.log --single-version-externally-managed install_data
[0.666s] running egg_info
[0.666s] creating ../../build/leo_exploration/leo_exploration.egg-info
[0.675s] writing ../../build/leo_exploration/leo_exploration.egg-info/PKG-INFO
[0.675s] writing dependency_links to ../../build/leo_exploration/leo_exploration.egg-info/dependency_links.txt
[0.675s] writing entry points to ../../build/leo_exploration/leo_exploration.egg-info/entry_points.txt
[0.676s] writing requirements to ../../build/leo_exploration/leo_exploration.egg-info/requires.txt
[0.676s] writing top-level names to ../../build/leo_exploration/leo_exploration.egg-info/top_level.txt
[0.676s] writing manifest file '../../build/leo_exploration/leo_exploration.egg-info/SOURCES.txt'
[0.695s] reading manifest file '../../build/leo_exploration/leo_exploration.egg-info/SOURCES.txt'
[0.696s] writing manifest file '../../build/leo_exploration/leo_exploration.egg-info/SOURCES.txt'
[0.696s] running build
[0.696s] running build_py
[0.696s] creating /home/group4/LeoRoverAutonomousExploration/leo_exploration_ws/build/leo_exploration/build
[0.696s] creating /home/group4/LeoRoverAutonomousExploration/leo_exploration_ws/build/leo_exploration/build/lib
[0.696s] creating /home/group4/LeoRoverAutonomousExploration/leo_exploration_ws/build/leo_exploration/build/lib/leo_exploration
[0.696s] copying leo_exploration/frontier_explorer.py -> /home/group4/LeoRoverAutonomousExploration/leo_exploration_ws/build/leo_exploration/build/lib/leo_exploration
[0.696s] copying leo_exploration/__init__.py -> /home/group4/LeoRoverAutonomousExploration/leo_exploration_ws/build/leo_exploration/build/lib/leo_exploration
[0.696s] running install
[0.700s] running install_lib
[0.709s] creating /home/group4/LeoRoverAutonomousExploration/leo_exploration_ws/install/leo_exploration/lib/python3.12/site-packages/leo_exploration
[0.710s] copying /home/group4/LeoRoverAutonomousExploration/leo_exploration_ws/build/leo_exploration/build/lib/leo_exploration/frontier_explorer.py -> /home/group4/LeoRoverAutonomousExploration/leo_exploration_ws/install/leo_exploration/lib/python3.12/site-packages/leo_exploration
[0.710s] copying /home/group4/LeoRoverAutonomousExploration/leo_exploration_ws/build/leo_exploration/build/lib/leo_exploration/__init__.py -> /home/group4/LeoRoverAutonomousExploration/leo_exploration_ws/install/leo_exploration/lib/python3.12/site-packages/leo_exploration
[0.710s] byte-compiling /home/group4/LeoRoverAutonomousExploration/leo_exploration_ws/install/leo_exploration/lib/python3.12/site-packages/leo_exploration/frontier_explorer.py to frontier_explorer.cpython-312.pyc
[0.715s] byte-compiling /home/group4/LeoRoverAutonomousExploration/leo_exploration_ws/install/leo_exploration/lib/python3.12/site-packages/leo_exploration/__init__.py to __init__.cpython-312.pyc
[0.715s] running install_data
[0.715s] creating /home/group4/LeoRoverAutonomousExploration/leo_exploration_ws/install/leo_exploration/share/ament_index
[0.715s] creating /home/group4/LeoRoverAutonomousExploration/leo_exploration_ws/install/leo_exploration/share/ament_index/resource_index
[0.715s] creating /home/group4/LeoRoverAutonomousExploration/leo_exploration_ws/install/leo_exploration/share/ament_index/resource_index/packages
[0.715s] copying resource/leo_exploration -> /home/group4/LeoRoverAutonomousExploration/leo_exploration_ws/install/leo_exploration/share/ament_index/resource_index/packages
[0.715s] copying package.xml -> /home/group4/LeoRoverAutonomousExploration/leo_exploration_ws/install/leo_exploration/share/leo_exploration
[0.715s] creating /home/group4/LeoRoverAutonomousExploration/leo_exploration_ws/install/leo_exploration/share/leo_exploration/launch
[0.715s] copying launch/sim_exploration_launch.py -> /home/group4/LeoRoverAutonomousExploration/leo_exploration_ws/install/leo_exploration/share/leo_exploration/launch
[0.715s] copying launch/exploration_launch.py -> /home/group4/LeoRoverAutonomousExploration/leo_exploration_ws/install/leo_exploration/share/leo_exploration/launch
[0.715s] creating /home/group4/LeoRoverAutonomousExploration/leo_exploration_ws/install/leo_exploration/share/leo_exploration/config
[0.715s] copying config/nav2_params.yaml -> /home/group4/LeoRoverAutonomousExploration/leo_exploration_ws/install/leo_exploration/share/leo_exploration/config
[0.715s] copying config/rviz2_config.rviz -> /home/group4/LeoRoverAutonomousExploration/leo_exploration_ws/install/leo_exploration/share/leo_exploration/config
[0.715s] copying config/ekf.yaml -> /home/group4/LeoRoverAutonomousExploration/leo_exploration_ws/install/leo_exploration/share/leo_exploration/config
[0.715s] copying config/ros_gz_bridge.yaml -> /home/group4/LeoRoverAutonomousExploration/leo_exploration_ws/install/leo_exploration/share/leo_exploration/config
[0.715s] copying config/slam_toolbox_params.yaml -> /home/group4/LeoRoverAutonomousExploration/leo_exploration_ws/install/leo_exploration/share/leo_exploration/config
[0.715s] creating /home/group4/LeoRoverAutonomousExploration/leo_exploration_ws/install/leo_exploration/share/leo_exploration/worlds
[0.715s] copying worlds/exploration_test.world -> /home/group4/LeoRoverAutonomousExploration/leo_exploration_ws/install/leo_exploration/share/leo_exploration/worlds
[0.715s] creating /home/group4/LeoRoverAutonomousExploration/leo_exploration_ws/install/leo_exploration/share/leo_exploration/urdf
[0.715s] copying urdf/leo_rover.urdf -> /home/group4/LeoRoverAutonomousExploration/leo_exploration_ws/install/leo_exploration/share/leo_exploration/urdf
[0.715s] creating /home/group4/LeoRoverAutonomousExploration/leo_exploration_ws/install/leo_exploration/share/leo_exploration/scripts
[0.716s] copying scripts/run_sim.sh -> /home/group4/LeoRoverAutonomousExploration/leo_exploration_ws/install/leo_exploration/share/leo_exploration/scripts
[0.716s] copying scripts/install_sim_deps.sh -> /home/group4/LeoRoverAutonomousExploration/leo_exploration_ws/install/leo_exploration/share/leo_exploration/scripts
[0.716s] copying scripts/obstacle_manager.sh -> /home/group4/LeoRoverAutonomousExploration/leo_exploration_ws/install/leo_exploration/share/leo_exploration/scripts
[0.716s] running install_egg_info
[0.728s] Copying ../../build/leo_exploration/leo_exploration.egg-info to /home/group4/LeoRoverAutonomousExploration/leo_exploration_ws/install/leo_exploration/lib/python3.12/site-packages/leo_exploration-2.1.0-py3.12.egg-info
[0.728s] running install_scripts
[0.794s] Installing frontier_explorer script to /home/group4/LeoRoverAutonomousExploration/leo_exploration_ws/install/leo_exploration/lib/leo_exploration
[0.794s] writing list of installed files to '/home/group4/LeoRoverAutonomousExploration/leo_exploration_ws/build/leo_exploration/install.log'
[0.810s] Invoked command in '/home/group4/LeoRoverAutonomousExploration/leo_exploration_ws/src/leo_exploration' returned '0': DEBUGINFOD_URLS=https://debuginfod.ubuntu.com PYTHONPATH=/home/group4/LeoRoverAutonomousExploration/leo_exploration_ws/build/leo_exploration/prefix_override:/usr/lib/python3/dist-packages/colcon_core/task/python/colcon_distutils_commands:/home/group4/LeoRoverAutonomousExploration/leo_exploration_ws/install/leo_exploration/lib/python3.12/site-packages:${PYTHONPATH} /usr/bin/python3 -W ignore:setup.py install is deprecated -W ignore:easy_install command is deprecated setup.py egg_info --egg-base ../../build/leo_exploration build --build-base /home/group4/LeoRoverAutonomousExploration/leo_exploration_ws/build/leo_exploration/build install --record /home/group4/LeoRoverAutonomousExploration/leo_exploration_ws/build/leo_exploration/install.log --single-version-externally-managed install_data
