running egg_info
writing ../../build/leo_exploration/leo_exploration.egg-info/PKG-INFO
writing dependency_links to ../../build/leo_exploration/leo_exploration.egg-info/dependency_links.txt
writing entry points to ../../build/leo_exploration/leo_exploration.egg-info/entry_points.txt
writing requirements to ../../build/leo_exploration/leo_exploration.egg-info/requires.txt
writing top-level names to ../../build/leo_exploration/leo_exploration.egg-info/top_level.txt
reading manifest file '../../build/leo_exploration/leo_exploration.egg-info/SOURCES.txt'
writing manifest file '../../build/leo_exploration/leo_exploration.egg-info/SOURCES.txt'
running build
running build_py
copying leo_exploration/frontier_explorer.py -> /home/group4/LeoRoverAutonomousExploration/leo_exploration_ws/build/leo_exploration/build/lib/leo_exploration
running install
running install_lib
copying /home/group4/LeoRoverAutonomousExploration/leo_exploration_ws/build/leo_exploration/build/lib/leo_exploration/frontier_explorer.py -> /home/group4/LeoRoverAutonomousExploration/leo_exploration_ws/install/leo_exploration/lib/python3.12/site-packages/leo_exploration
byte-compiling /home/group4/LeoRoverAutonomousExploration/leo_exploration_ws/install/leo_exploration/lib/python3.12/site-packages/leo_exploration/frontier_explorer.py to frontier_explorer.cpython-312.pyc
running install_data
copying launch/sim_exploration_launch.py -> /home/group4/LeoRoverAutonomousExploration/leo_exploration_ws/install/leo_exploration/share/leo_exploration/launch
copying launch/exploration_launch.py -> /home/group4/LeoRoverAutonomousExploration/leo_exploration_ws/install/leo_exploration/share/leo_exploration/launch
copying config/nav2_params.yaml -> /home/group4/LeoRoverAutonomousExploration/leo_exploration_ws/install/leo_exploration/share/leo_exploration/config
running install_egg_info
removing '/home/group4/LeoRoverAutonomousExploration/leo_exploration_ws/install/leo_exploration/lib/python3.12/site-packages/leo_exploration-2.1.0-py3.12.egg-info' (and everything under it)
Copying ../../build/leo_exploration/leo_exploration.egg-info to /home/group4/LeoRoverAutonomousExploration/leo_exploration_ws/install/leo_exploration/lib/python3.12/site-packages/leo_exploration-2.1.0-py3.12.egg-info
running install_scripts
Installing frontier_explorer script to /home/group4/LeoRoverAutonomousExploration/leo_exploration_ws/install/leo_exploration/lib/leo_exploration
writing list of installed files to '/home/group4/LeoRoverAutonomousExploration/leo_exploration_ws/build/leo_exploration/install.log'
